11:14:23.174 [main] INFO  factory.BaseClass - Capture the error message
11:14:41.283 [main] INFO  factory.BaseClass - Close the browser
11:14:41.284 [main] INFO  factory.BaseClass - ============Scenario Ended============
11:14:41.943 [main] INFO  factory.BaseClass - ============Scenario started============
11:14:41.944 [main] INFO  factory.BaseClass - Launch the browser
11:14:45.315 [main] INFO  factory.BaseClass - Close the browser
11:14:45.315 [main] INFO  factory.BaseClass - ============Scenario Ended============
11:14:45.530 [main] INFO  factory.BaseClass - ============Scenario started============
11:14:45.531 [main] INFO  factory.BaseClass - Launch the browser
11:14:48.365 [main] INFO  factory.BaseClass - Close the browser
11:14:48.365 [main] INFO  factory.BaseClass - ============Scenario Ended============
11:14:48.548 [main] INFO  factory.BaseClass - ============Scenario started============
11:14:48.548 [main] INFO  factory.BaseClass - Launch the browser
11:14:50.513 [main] INFO  factory.BaseClass - Close the browser
11:14:50.513 [main] INFO  factory.BaseClass - ============Scenario Ended============
11:14:50.610 [main] INFO  factory.BaseClass - ============Scenario started============
11:14:50.610 [main] INFO  factory.BaseClass - Launch the browser
11:14:52.584 [main] INFO  factory.BaseClass - Close the browser
11:14:52.584 [main] INFO  factory.BaseClass - ============Scenario Ended============
11:14:52.740 [main] INFO  factory.BaseClass - ============Scenario started============
11:14:52.740 [main] INFO  factory.BaseClass - Launch the browser
11:14:54.862 [main] INFO  factory.BaseClass - Close the browser
11:14:54.862 [main] INFO  factory.BaseClass - ============Scenario Ended============
11:14:54.987 [main] INFO  factory.BaseClass - ============Scenario started============
11:14:54.987 [main] INFO  factory.BaseClass - Launch the browser
11:14:56.795 [main] INFO  factory.BaseClass - Close the browser
11:14:56.795 [main] INFO  factory.BaseClass - ============Scenario Ended============
11:14:56.942 [main] INFO  factory.BaseClass - ============Scenario started============
11:14:56.943 [main] INFO  factory.BaseClass - Launch the browser
11:14:58.797 [main] INFO  factory.BaseClass - Close the browser
11:14:58.798 [main] INFO  factory.BaseClass - ============Scenario Ended============
11:14:59.011 [main] INFO  factory.BaseClass - ============Scenario started============
11:14:59.011 [main] INFO  factory.BaseClass - Launch the browser
11:15:01.485 [main] INFO  factory.BaseClass - Close the browser
11:15:01.486 [main] INFO  factory.BaseClass - ============Scenario Ended============
11:15:01.637 [main] INFO  factory.BaseClass - ============Scenario started============
11:15:01.637 [main] INFO  factory.BaseClass - Launch the browser
11:15:03.755 [main] INFO  factory.BaseClass - Close the browser
11:15:03.756 [main] INFO  factory.BaseClass - ============Scenario Ended============
11:15:03.864 [main] INFO  factory.BaseClass - ============Scenario started============
11:15:03.864 [main] INFO  factory.BaseClass - Launch the browser
11:15:05.720 [main] INFO  factory.BaseClass - Close the browser
11:15:05.721 [main] INFO  factory.BaseClass - ============Scenario Ended============
11:15:05.849 [main] INFO  factory.BaseClass - ============Scenario started============
11:15:05.849 [main] INFO  factory.BaseClass - Launch the browser
11:15:07.950 [main] INFO  factory.BaseClass - Close the browser
11:15:07.950 [main] INFO  factory.BaseClass - ============Scenario Ended============
11:15:08.073 [main] INFO  factory.BaseClass - ============Scenario started============
11:15:08.073 [main] INFO  factory.BaseClass - Launch the browser
11:15:10.270 [main] INFO  factory.BaseClass - Close the browser
11:15:10.270 [main] INFO  factory.BaseClass - ============Scenario Ended============
11:15:10.417 [main] INFO  factory.BaseClass - ============Scenario started============
11:15:10.417 [main] INFO  factory.BaseClass - Launch the browser
11:15:12.595 [main] INFO  factory.BaseClass - Close the browser
11:15:12.596 [main] INFO  factory.BaseClass - ============Scenario Ended============
11:15:12.715 [main] INFO  factory.BaseClass - ============Scenario started============
11:15:12.715 [main] INFO  factory.BaseClass - Launch the browser
11:15:14.643 [main] INFO  factory.BaseClass - Close the browser
11:15:14.643 [main] INFO  factory.BaseClass - ============Scenario Ended============
11:15:14.768 [main] INFO  factory.BaseClass - ============Scenario started============
11:15:14.768 [main] INFO  factory.BaseClass - Launch the browser
11:15:17.079 [main] INFO  factory.BaseClass - Close the browser
11:15:17.079 [main] INFO  factory.BaseClass - ============Scenario Ended============
11:15:17.220 [main] INFO  factory.BaseClass - ============Scenario started============
11:15:17.220 [main] INFO  factory.BaseClass - Launch the browser
11:15:19.389 [main] INFO  factory.BaseClass - Close the browser
